<?xml version="1.0" encoding="utf-8"?><testsuites name="pytest tests"><testsuite name="pytest" errors="0" failures="0" skipped="0" tests="6" time="2.742" timestamp="2026-07-09T18:42:36.117723+00:00" hostname="agent-env-af679910-b28d-4b24-a405-8ebcf53fb9a1"><testcase classname="tests.test_seo_backend.TestSEOApi" name="test_sitemap_status" time="0.203" /><testcase classname="tests.test_seo_backend.TestSitemapFiles" name="test_sitemap_index" time="0.005" /><testcase classname="tests.test_seo_backend.TestSitemapFiles" name="test_robots" time="0.002" /><testcase classname="tests.test_seo_backend.TestSitemapFiles" name="test_sitemap_properties" time="0.040" /><testcase classname="tests.test_seo_backend.TestSitemapFiles" name="test_sitemap_daytrips" time="0.002" /><testcase classname="tests.test_seo_backend.TestSEOApi" name="test_regenerate_sitemap" time="2.073" /></testsuite></testsuites>